ERROR - 2025-09-05 16:44:39 --> mysqli_sql_exception: Invalid default value for 'FechaRegistro_Clientes' in C:\xampp\htdocs\CEJO\CEJO-BackEnd\vendor\codeigniter4\framework\system\Database\MySQLi\Connection.php:327
Stack trace:
#0 C:\xampp\htdocs\CEJO\CEJO-BackEnd\vendor\codeigniter4\framework\system\Database\MySQLi\Connection.php(327): mysqli->query('CREATE TABLE `c...', 0)
#1 C:\xampp\htdocs\CEJO\CEJO-BackEnd\vendor\codeigniter4\framework\system\Database\BaseConnection.php(729): CodeIgniter\Database\MySQLi\Connection->execute('CREATE TABLE `c...')
#2 C:\xampp\htdocs\CEJO\CEJO-BackEnd\vendor\codeigniter4\framework\system\Database\BaseConnection.php(646): CodeIgniter\Database\BaseConnection->simpleQuery('CREATE TABLE `c...')
#3 C:\xampp\htdocs\CEJO\CEJO-BackEnd\vendor\codeigniter4\framework\system\Database\Forge.php(570): CodeIgniter\Database\BaseConnection->query('CREATE TABLE `c...')
#4 C:\xampp\htdocs\CEJO\CEJO-BackEnd\app\Database\Migrations\2025-01-26-200005_CreateClientesTable.php(77): CodeIgniter\Database\Forge->createTable('clientes')
#5 C:\xampp\htdocs\CEJO\CEJO-BackEnd\vendor\codeigniter4\framework\system\Database\MigrationRunner.php(876): App\Database\Migrations\CreateClientesTable->up()
#6 C:\xampp\htdocs\CEJO\CEJO-BackEnd\vendor\codeigniter4\framework\system\Database\MigrationRunner.php(182): CodeIgniter\Database\MigrationRunner->migrate('up', Object(stdClass))
#7 C:\xampp\htdocs\CEJO\CEJO-BackEnd\vendor\codeigniter4\framework\system\Commands\Database\Migrate.php(85): CodeIgniter\Database\MigrationRunner->latest(NULL)
#8 C:\xampp\htdocs\CEJO\CEJO-BackEnd\vendor\codeigniter4\framework\system\CLI\Commands.php(74): CodeIgniter\Commands\Database\Migrate->run(Array)
#9 C:\xampp\htdocs\CEJO\CEJO-BackEnd\vendor\codeigniter4\framework\system\CLI\Console.php(47): CodeIgniter\CLI\Commands->run('migrate', Array)
#10 C:\xampp\htdocs\CEJO\CEJO-BackEnd\vendor\codeigniter4\framework\system\Boot.php(388): CodeIgniter\CLI\Console->run()
#11 C:\xampp\htdocs\CEJO\CEJO-BackEnd\vendor\codeigniter4\framework\system\Boot.php(133): CodeIgniter\Boot::runCommand(Object(CodeIgniter\CLI\Console))
#12 C:\xampp\htdocs\CEJO\CEJO-BackEnd\spark(87): CodeIgniter\Boot::bootSpark(Object(Config\Paths))
#13 {main}
CRITICAL - 2025-09-05 16:44:39 --> ErrorException: require(C:\xampp\htdocs\CEJO\CEJO-BackEnd\app\Views/errors/cli/error_exception.php): Failed to open stream: No such file or directory
[Method: CLI, Route: migrate]
in SYSTEMPATH\CLI\BaseCommand.php on line 133.
 1 SYSTEMPATH\CLI\BaseCommand.php(133): CodeIgniter\Debug\Exceptions->errorHandler(2, 'require(C:\\xampp\\htdocs\\CEJO\\CEJO-BackEnd\\app\\Views/errors/cli/error_exception.php): Failed to open stream: No such file or directory', 'C:\\xampp\\htdocs\\CEJO\\CEJO-BackEnd\\vendor\\codeigniter4\\framework\\system\\CLI\\BaseCommand.php', 133)
 2 SYSTEMPATH\CLI\BaseCommand.php(133): require()
 3 SYSTEMPATH\Commands\Database\Migrate.php(99): CodeIgniter\CLI\BaseCommand->showError(Object(CodeIgniter\Database\Exceptions\DatabaseException))
 4 SYSTEMPATH\CLI\Commands.php(74): CodeIgniter\Commands\Database\Migrate->run([])
 5 SYSTEMPATH\CLI\Console.php(47): CodeIgniter\CLI\Commands->run('migrate', [])
 6 SYSTEMPATH\Boot.php(388): CodeIgniter\CLI\Console->run()
 7 SYSTEMPATH\Boot.php(133): CodeIgniter\Boot::runCommand(Object(CodeIgniter\CLI\Console))
 8 ROOTPATH\spark(87): CodeIgniter\Boot::bootSpark(Object(Config\Paths))
ERROR - 2025-09-05 16:45:18 --> mysqli_sql_exception: Invalid default value for 'FechaRegistro_Clientes' in C:\xampp\htdocs\CEJO\CEJO-BackEnd\vendor\codeigniter4\framework\system\Database\MySQLi\Connection.php:327
Stack trace:
#0 C:\xampp\htdocs\CEJO\CEJO-BackEnd\vendor\codeigniter4\framework\system\Database\MySQLi\Connection.php(327): mysqli->query('CREATE TABLE `c...', 0)
#1 C:\xampp\htdocs\CEJO\CEJO-BackEnd\vendor\codeigniter4\framework\system\Database\BaseConnection.php(729): CodeIgniter\Database\MySQLi\Connection->execute('CREATE TABLE `c...')
#2 C:\xampp\htdocs\CEJO\CEJO-BackEnd\vendor\codeigniter4\framework\system\Database\BaseConnection.php(646): CodeIgniter\Database\BaseConnection->simpleQuery('CREATE TABLE `c...')
#3 C:\xampp\htdocs\CEJO\CEJO-BackEnd\vendor\codeigniter4\framework\system\Database\Forge.php(570): CodeIgniter\Database\BaseConnection->query('CREATE TABLE `c...')
#4 C:\xampp\htdocs\CEJO\CEJO-BackEnd\app\Database\Migrations\2025-01-26-200005_CreateClientesTable.php(77): CodeIgniter\Database\Forge->createTable('clientes')
#5 C:\xampp\htdocs\CEJO\CEJO-BackEnd\vendor\codeigniter4\framework\system\Database\MigrationRunner.php(876): App\Database\Migrations\CreateClientesTable->up()
#6 C:\xampp\htdocs\CEJO\CEJO-BackEnd\vendor\codeigniter4\framework\system\Database\MigrationRunner.php(182): CodeIgniter\Database\MigrationRunner->migrate('up', Object(stdClass))
#7 C:\xampp\htdocs\CEJO\CEJO-BackEnd\vendor\codeigniter4\framework\system\Commands\Database\Migrate.php(85): CodeIgniter\Database\MigrationRunner->latest(NULL)
#8 C:\xampp\htdocs\CEJO\CEJO-BackEnd\vendor\codeigniter4\framework\system\CLI\Commands.php(74): CodeIgniter\Commands\Database\Migrate->run(Array)
#9 C:\xampp\htdocs\CEJO\CEJO-BackEnd\vendor\codeigniter4\framework\system\CLI\Console.php(47): CodeIgniter\CLI\Commands->run('migrate', Array)
#10 C:\xampp\htdocs\CEJO\CEJO-BackEnd\vendor\codeigniter4\framework\system\Boot.php(388): CodeIgniter\CLI\Console->run()
#11 C:\xampp\htdocs\CEJO\CEJO-BackEnd\vendor\codeigniter4\framework\system\Boot.php(133): CodeIgniter\Boot::runCommand(Object(CodeIgniter\CLI\Console))
#12 C:\xampp\htdocs\CEJO\CEJO-BackEnd\spark(87): CodeIgniter\Boot::bootSpark(Object(Config\Paths))
#13 {main}
CRITICAL - 2025-09-05 16:45:18 --> ErrorException: require(C:\xampp\htdocs\CEJO\CEJO-BackEnd\app\Views/errors/cli/error_exception.php): Failed to open stream: No such file or directory
[Method: CLI, Route: migrate]
in SYSTEMPATH\CLI\BaseCommand.php on line 133.
 1 SYSTEMPATH\CLI\BaseCommand.php(133): CodeIgniter\Debug\Exceptions->errorHandler(2, 'require(C:\\xampp\\htdocs\\CEJO\\CEJO-BackEnd\\app\\Views/errors/cli/error_exception.php): Failed to open stream: No such file or directory', 'C:\\xampp\\htdocs\\CEJO\\CEJO-BackEnd\\vendor\\codeigniter4\\framework\\system\\CLI\\BaseCommand.php', 133)
 2 SYSTEMPATH\CLI\BaseCommand.php(133): require()
 3 SYSTEMPATH\Commands\Database\Migrate.php(99): CodeIgniter\CLI\BaseCommand->showError(Object(CodeIgniter\Database\Exceptions\DatabaseException))
 4 SYSTEMPATH\CLI\Commands.php(74): CodeIgniter\Commands\Database\Migrate->run([])
 5 SYSTEMPATH\CLI\Console.php(47): CodeIgniter\CLI\Commands->run('migrate', [])
 6 SYSTEMPATH\Boot.php(388): CodeIgniter\CLI\Console->run()
 7 SYSTEMPATH\Boot.php(133): CodeIgniter\Boot::runCommand(Object(CodeIgniter\CLI\Console))
 8 ROOTPATH\spark(87): CodeIgniter\Boot::bootSpark(Object(Config\Paths))
ERROR - 2025-09-05 16:45:50 --> mysqli_sql_exception: Invalid default value for 'FechaRegistro_Clientes' in C:\xampp\htdocs\CEJO\CEJO-BackEnd\vendor\codeigniter4\framework\system\Database\MySQLi\Connection.php:327
Stack trace:
#0 C:\xampp\htdocs\CEJO\CEJO-BackEnd\vendor\codeigniter4\framework\system\Database\MySQLi\Connection.php(327): mysqli->query('CREATE TABLE `c...', 0)
#1 C:\xampp\htdocs\CEJO\CEJO-BackEnd\vendor\codeigniter4\framework\system\Database\BaseConnection.php(729): CodeIgniter\Database\MySQLi\Connection->execute('CREATE TABLE `c...')
#2 C:\xampp\htdocs\CEJO\CEJO-BackEnd\vendor\codeigniter4\framework\system\Database\BaseConnection.php(646): CodeIgniter\Database\BaseConnection->simpleQuery('CREATE TABLE `c...')
#3 C:\xampp\htdocs\CEJO\CEJO-BackEnd\vendor\codeigniter4\framework\system\Database\Forge.php(570): CodeIgniter\Database\BaseConnection->query('CREATE TABLE `c...')
#4 C:\xampp\htdocs\CEJO\CEJO-BackEnd\app\Database\Migrations\2025-01-26-200005_CreateClientesTable.php(77): CodeIgniter\Database\Forge->createTable('clientes')
#5 C:\xampp\htdocs\CEJO\CEJO-BackEnd\vendor\codeigniter4\framework\system\Database\MigrationRunner.php(876): App\Database\Migrations\CreateClientesTable->up()
#6 C:\xampp\htdocs\CEJO\CEJO-BackEnd\vendor\codeigniter4\framework\system\Database\MigrationRunner.php(182): CodeIgniter\Database\MigrationRunner->migrate('up', Object(stdClass))
#7 C:\xampp\htdocs\CEJO\CEJO-BackEnd\vendor\codeigniter4\framework\system\Commands\Database\Migrate.php(85): CodeIgniter\Database\MigrationRunner->latest(NULL)
#8 C:\xampp\htdocs\CEJO\CEJO-BackEnd\vendor\codeigniter4\framework\system\CLI\Commands.php(74): CodeIgniter\Commands\Database\Migrate->run(Array)
#9 C:\xampp\htdocs\CEJO\CEJO-BackEnd\vendor\codeigniter4\framework\system\CLI\Console.php(47): CodeIgniter\CLI\Commands->run('migrate', Array)
#10 C:\xampp\htdocs\CEJO\CEJO-BackEnd\vendor\codeigniter4\framework\system\Boot.php(388): CodeIgniter\CLI\Console->run()
#11 C:\xampp\htdocs\CEJO\CEJO-BackEnd\vendor\codeigniter4\framework\system\Boot.php(133): CodeIgniter\Boot::runCommand(Object(CodeIgniter\CLI\Console))
#12 C:\xampp\htdocs\CEJO\CEJO-BackEnd\spark(87): CodeIgniter\Boot::bootSpark(Object(Config\Paths))
#13 {main}
CRITICAL - 2025-09-05 16:45:50 --> ErrorException: require(C:\xampp\htdocs\CEJO\CEJO-BackEnd\app\Views/errors/cli/error_exception.php): Failed to open stream: No such file or directory
[Method: CLI, Route: migrate]
in SYSTEMPATH\CLI\BaseCommand.php on line 133.
 1 SYSTEMPATH\CLI\BaseCommand.php(133): CodeIgniter\Debug\Exceptions->errorHandler(2, 'require(C:\\xampp\\htdocs\\CEJO\\CEJO-BackEnd\\app\\Views/errors/cli/error_exception.php): Failed to open stream: No such file or directory', 'C:\\xampp\\htdocs\\CEJO\\CEJO-BackEnd\\vendor\\codeigniter4\\framework\\system\\CLI\\BaseCommand.php', 133)
 2 SYSTEMPATH\CLI\BaseCommand.php(133): require()
 3 SYSTEMPATH\Commands\Database\Migrate.php(99): CodeIgniter\CLI\BaseCommand->showError(Object(CodeIgniter\Database\Exceptions\DatabaseException))
 4 SYSTEMPATH\CLI\Commands.php(74): CodeIgniter\Commands\Database\Migrate->run([])
 5 SYSTEMPATH\CLI\Console.php(47): CodeIgniter\CLI\Commands->run('migrate', [])
 6 SYSTEMPATH\Boot.php(388): CodeIgniter\CLI\Console->run()
 7 SYSTEMPATH\Boot.php(133): CodeIgniter\Boot::runCommand(Object(CodeIgniter\CLI\Console))
 8 ROOTPATH\spark(87): CodeIgniter\Boot::bootSpark(Object(Config\Paths))
ERROR - 2025-09-05 16:45:56 --> mysqli_sql_exception: Invalid default value for 'FechaRegistro_Clientes' in C:\xampp\htdocs\CEJO\CEJO-BackEnd\vendor\codeigniter4\framework\system\Database\MySQLi\Connection.php:327
Stack trace:
#0 C:\xampp\htdocs\CEJO\CEJO-BackEnd\vendor\codeigniter4\framework\system\Database\MySQLi\Connection.php(327): mysqli->query('CREATE TABLE `c...', 0)
#1 C:\xampp\htdocs\CEJO\CEJO-BackEnd\vendor\codeigniter4\framework\system\Database\BaseConnection.php(729): CodeIgniter\Database\MySQLi\Connection->execute('CREATE TABLE `c...')
#2 C:\xampp\htdocs\CEJO\CEJO-BackEnd\vendor\codeigniter4\framework\system\Database\BaseConnection.php(646): CodeIgniter\Database\BaseConnection->simpleQuery('CREATE TABLE `c...')
#3 C:\xampp\htdocs\CEJO\CEJO-BackEnd\vendor\codeigniter4\framework\system\Database\Forge.php(570): CodeIgniter\Database\BaseConnection->query('CREATE TABLE `c...')
#4 C:\xampp\htdocs\CEJO\CEJO-BackEnd\app\Database\Migrations\2025-01-26-200005_CreateClientesTable.php(77): CodeIgniter\Database\Forge->createTable('clientes')
#5 C:\xampp\htdocs\CEJO\CEJO-BackEnd\vendor\codeigniter4\framework\system\Database\MigrationRunner.php(876): App\Database\Migrations\CreateClientesTable->up()
#6 C:\xampp\htdocs\CEJO\CEJO-BackEnd\vendor\codeigniter4\framework\system\Database\MigrationRunner.php(182): CodeIgniter\Database\MigrationRunner->migrate('up', Object(stdClass))
#7 C:\xampp\htdocs\CEJO\CEJO-BackEnd\vendor\codeigniter4\framework\system\Commands\Database\Migrate.php(85): CodeIgniter\Database\MigrationRunner->latest(NULL)
#8 C:\xampp\htdocs\CEJO\CEJO-BackEnd\vendor\codeigniter4\framework\system\CLI\Commands.php(74): CodeIgniter\Commands\Database\Migrate->run(Array)
#9 C:\xampp\htdocs\CEJO\CEJO-BackEnd\vendor\codeigniter4\framework\system\CLI\Console.php(47): CodeIgniter\CLI\Commands->run('migrate', Array)
#10 C:\xampp\htdocs\CEJO\CEJO-BackEnd\vendor\codeigniter4\framework\system\Boot.php(388): CodeIgniter\CLI\Console->run()
#11 C:\xampp\htdocs\CEJO\CEJO-BackEnd\vendor\codeigniter4\framework\system\Boot.php(133): CodeIgniter\Boot::runCommand(Object(CodeIgniter\CLI\Console))
#12 C:\xampp\htdocs\CEJO\CEJO-BackEnd\spark(87): CodeIgniter\Boot::bootSpark(Object(Config\Paths))
#13 {main}
CRITICAL - 2025-09-05 16:45:56 --> ErrorException: require(C:\xampp\htdocs\CEJO\CEJO-BackEnd\app\Views/errors/cli/error_exception.php): Failed to open stream: No such file or directory
[Method: CLI, Route: migrate]
in SYSTEMPATH\CLI\BaseCommand.php on line 133.
 1 SYSTEMPATH\CLI\BaseCommand.php(133): CodeIgniter\Debug\Exceptions->errorHandler(2, 'require(C:\\xampp\\htdocs\\CEJO\\CEJO-BackEnd\\app\\Views/errors/cli/error_exception.php): Failed to open stream: No such file or directory', 'C:\\xampp\\htdocs\\CEJO\\CEJO-BackEnd\\vendor\\codeigniter4\\framework\\system\\CLI\\BaseCommand.php', 133)
 2 SYSTEMPATH\CLI\BaseCommand.php(133): require()
 3 SYSTEMPATH\Commands\Database\Migrate.php(99): CodeIgniter\CLI\BaseCommand->showError(Object(CodeIgniter\Database\Exceptions\DatabaseException))
 4 SYSTEMPATH\CLI\Commands.php(74): CodeIgniter\Commands\Database\Migrate->run([...])
 5 SYSTEMPATH\CLI\Console.php(47): CodeIgniter\CLI\Commands->run('migrate', [...])
 6 SYSTEMPATH\Boot.php(388): CodeIgniter\CLI\Console->run()
 7 SYSTEMPATH\Boot.php(133): CodeIgniter\Boot::runCommand(Object(CodeIgniter\CLI\Console))
 8 ROOTPATH\spark(87): CodeIgniter\Boot::bootSpark(Object(Config\Paths))
ERROR - 2025-09-05 16:47:40 --> mysqli_sql_exception: Invalid default value for 'FechaRegistro_Clientes' in C:\xampp\htdocs\CEJO\CEJO-BackEnd\vendor\codeigniter4\framework\system\Database\MySQLi\Connection.php:327
Stack trace:
#0 C:\xampp\htdocs\CEJO\CEJO-BackEnd\vendor\codeigniter4\framework\system\Database\MySQLi\Connection.php(327): mysqli->query('CREATE TABLE `c...', 0)
#1 C:\xampp\htdocs\CEJO\CEJO-BackEnd\vendor\codeigniter4\framework\system\Database\BaseConnection.php(729): CodeIgniter\Database\MySQLi\Connection->execute('CREATE TABLE `c...')
#2 C:\xampp\htdocs\CEJO\CEJO-BackEnd\vendor\codeigniter4\framework\system\Database\BaseConnection.php(646): CodeIgniter\Database\BaseConnection->simpleQuery('CREATE TABLE `c...')
#3 C:\xampp\htdocs\CEJO\CEJO-BackEnd\vendor\codeigniter4\framework\system\Database\Forge.php(570): CodeIgniter\Database\BaseConnection->query('CREATE TABLE `c...')
#4 C:\xampp\htdocs\CEJO\CEJO-BackEnd\app\Database\Migrations\2025-01-26-200005_CreateClientesTable.php(77): CodeIgniter\Database\Forge->createTable('clientes')
#5 C:\xampp\htdocs\CEJO\CEJO-BackEnd\vendor\codeigniter4\framework\system\Database\MigrationRunner.php(876): App\Database\Migrations\CreateClientesTable->up()
#6 C:\xampp\htdocs\CEJO\CEJO-BackEnd\vendor\codeigniter4\framework\system\Database\MigrationRunner.php(182): CodeIgniter\Database\MigrationRunner->migrate('up', Object(stdClass))
#7 C:\xampp\htdocs\CEJO\CEJO-BackEnd\vendor\codeigniter4\framework\system\Commands\Database\Migrate.php(85): CodeIgniter\Database\MigrationRunner->latest(NULL)
#8 C:\xampp\htdocs\CEJO\CEJO-BackEnd\vendor\codeigniter4\framework\system\CLI\Commands.php(74): CodeIgniter\Commands\Database\Migrate->run(Array)
#9 C:\xampp\htdocs\CEJO\CEJO-BackEnd\vendor\codeigniter4\framework\system\CLI\Console.php(47): CodeIgniter\CLI\Commands->run('migrate', Array)
#10 C:\xampp\htdocs\CEJO\CEJO-BackEnd\vendor\codeigniter4\framework\system\Boot.php(388): CodeIgniter\CLI\Console->run()
#11 C:\xampp\htdocs\CEJO\CEJO-BackEnd\vendor\codeigniter4\framework\system\Boot.php(133): CodeIgniter\Boot::runCommand(Object(CodeIgniter\CLI\Console))
#12 C:\xampp\htdocs\CEJO\CEJO-BackEnd\spark(87): CodeIgniter\Boot::bootSpark(Object(Config\Paths))
#13 {main}
CRITICAL - 2025-09-05 16:47:40 --> ErrorException: require(C:\xampp\htdocs\CEJO\CEJO-BackEnd\app\Views/errors/cli/error_exception.php): Failed to open stream: No such file or directory
[Method: CLI, Route: migrate]
in SYSTEMPATH\CLI\BaseCommand.php on line 133.
 1 SYSTEMPATH\CLI\BaseCommand.php(133): CodeIgniter\Debug\Exceptions->errorHandler(2, 'require(C:\\xampp\\htdocs\\CEJO\\CEJO-BackEnd\\app\\Views/errors/cli/error_exception.php): Failed to open stream: No such file or directory', 'C:\\xampp\\htdocs\\CEJO\\CEJO-BackEnd\\vendor\\codeigniter4\\framework\\system\\CLI\\BaseCommand.php', 133)
 2 SYSTEMPATH\CLI\BaseCommand.php(133): require()
 3 SYSTEMPATH\Commands\Database\Migrate.php(99): CodeIgniter\CLI\BaseCommand->showError(Object(CodeIgniter\Database\Exceptions\DatabaseException))
 4 SYSTEMPATH\CLI\Commands.php(74): CodeIgniter\Commands\Database\Migrate->run([])
 5 SYSTEMPATH\CLI\Console.php(47): CodeIgniter\CLI\Commands->run('migrate', [])
 6 SYSTEMPATH\Boot.php(388): CodeIgniter\CLI\Console->run()
 7 SYSTEMPATH\Boot.php(133): CodeIgniter\Boot::runCommand(Object(CodeIgniter\CLI\Console))
 8 ROOTPATH\spark(87): CodeIgniter\Boot::bootSpark(Object(Config\Paths))
ERROR - 2025-09-05 16:47:50 --> mysqli_sql_exception: Invalid default value for 'FechaRegistro_Clientes' in C:\xampp\htdocs\CEJO\CEJO-BackEnd\vendor\codeigniter4\framework\system\Database\MySQLi\Connection.php:327
Stack trace:
#0 C:\xampp\htdocs\CEJO\CEJO-BackEnd\vendor\codeigniter4\framework\system\Database\MySQLi\Connection.php(327): mysqli->query('CREATE TABLE `c...', 0)
#1 C:\xampp\htdocs\CEJO\CEJO-BackEnd\vendor\codeigniter4\framework\system\Database\BaseConnection.php(729): CodeIgniter\Database\MySQLi\Connection->execute('CREATE TABLE `c...')
#2 C:\xampp\htdocs\CEJO\CEJO-BackEnd\vendor\codeigniter4\framework\system\Database\BaseConnection.php(646): CodeIgniter\Database\BaseConnection->simpleQuery('CREATE TABLE `c...')
#3 C:\xampp\htdocs\CEJO\CEJO-BackEnd\vendor\codeigniter4\framework\system\Database\Forge.php(570): CodeIgniter\Database\BaseConnection->query('CREATE TABLE `c...')
#4 C:\xampp\htdocs\CEJO\CEJO-BackEnd\app\Database\Migrations\2025-01-26-200005_CreateClientesTable.php(77): CodeIgniter\Database\Forge->createTable('clientes')
#5 C:\xampp\htdocs\CEJO\CEJO-BackEnd\vendor\codeigniter4\framework\system\Database\MigrationRunner.php(876): App\Database\Migrations\CreateClientesTable->up()
#6 C:\xampp\htdocs\CEJO\CEJO-BackEnd\vendor\codeigniter4\framework\system\Database\MigrationRunner.php(182): CodeIgniter\Database\MigrationRunner->migrate('up', Object(stdClass))
#7 C:\xampp\htdocs\CEJO\CEJO-BackEnd\vendor\codeigniter4\framework\system\Commands\Database\Migrate.php(85): CodeIgniter\Database\MigrationRunner->latest(NULL)
#8 C:\xampp\htdocs\CEJO\CEJO-BackEnd\vendor\codeigniter4\framework\system\CLI\Commands.php(74): CodeIgniter\Commands\Database\Migrate->run(Array)
#9 C:\xampp\htdocs\CEJO\CEJO-BackEnd\vendor\codeigniter4\framework\system\CLI\Console.php(47): CodeIgniter\CLI\Commands->run('migrate', Array)
#10 C:\xampp\htdocs\CEJO\CEJO-BackEnd\vendor\codeigniter4\framework\system\Boot.php(388): CodeIgniter\CLI\Console->run()
#11 C:\xampp\htdocs\CEJO\CEJO-BackEnd\vendor\codeigniter4\framework\system\Boot.php(133): CodeIgniter\Boot::runCommand(Object(CodeIgniter\CLI\Console))
#12 C:\xampp\htdocs\CEJO\CEJO-BackEnd\spark(87): CodeIgniter\Boot::bootSpark(Object(Config\Paths))
#13 {main}
CRITICAL - 2025-09-05 16:47:50 --> ErrorException: require(C:\xampp\htdocs\CEJO\CEJO-BackEnd\app\Views/errors/cli/error_exception.php): Failed to open stream: No such file or directory
[Method: CLI, Route: migrate]
in SYSTEMPATH\CLI\BaseCommand.php on line 133.
 1 SYSTEMPATH\CLI\BaseCommand.php(133): CodeIgniter\Debug\Exceptions->errorHandler(2, 'require(C:\\xampp\\htdocs\\CEJO\\CEJO-BackEnd\\app\\Views/errors/cli/error_exception.php): Failed to open stream: No such file or directory', 'C:\\xampp\\htdocs\\CEJO\\CEJO-BackEnd\\vendor\\codeigniter4\\framework\\system\\CLI\\BaseCommand.php', 133)
 2 SYSTEMPATH\CLI\BaseCommand.php(133): require()
 3 SYSTEMPATH\Commands\Database\Migrate.php(99): CodeIgniter\CLI\BaseCommand->showError(Object(CodeIgniter\Database\Exceptions\DatabaseException))
 4 SYSTEMPATH\CLI\Commands.php(74): CodeIgniter\Commands\Database\Migrate->run([...])
 5 SYSTEMPATH\CLI\Console.php(47): CodeIgniter\CLI\Commands->run('migrate', [...])
 6 SYSTEMPATH\Boot.php(388): CodeIgniter\CLI\Console->run()
 7 SYSTEMPATH\Boot.php(133): CodeIgniter\Boot::runCommand(Object(CodeIgniter\CLI\Console))
 8 ROOTPATH\spark(87): CodeIgniter\Boot::bootSpark(Object(Config\Paths))
CRITICAL - 2025-09-05 19:39:23 --> CodeIgniter\HTTP\Exceptions\BadRequestException: The URI you submitted has disallowed characters: "@vite"
[Method: GET, Route: @vite/client]
in SYSTEMPATH\Router\Router.php on line 741.
 1 SYSTEMPATH\Router\Router.php(207): CodeIgniter\Router\Router->checkDisallowedChars('@vite/client')
 2 SYSTEMPATH\CodeIgniter.php(832): CodeIgniter\Router\Router->handle('@vite/client')
 3 SYSTEMPATH\CodeIgniter.php(455): CodeIgniter\CodeIgniter->tryToRouteIt(Object(CodeIgniter\Router\RouteCollection))
 4 SYSTEMPATH\CodeIgniter.php(354): CodeIgniter\CodeIgniter->handleRequest(null, Object(Config\Cache), false)
 5 SYSTEMPATH\Boot.php(363): CodeIgniter\CodeIgniter->run()
 6 SYSTEMPATH\Boot.php(68): CodeIgniter\Boot::runCodeIgniter(Object(CodeIgniter\CodeIgniter))
 7 FCPATH\index.php(59): CodeIgniter\Boot::bootWeb(Object(Config\Paths))
 8 SYSTEMPATH\rewrite.php(44): require_once('C:\\xampp\\htdocs\\CEJO\\CEJO-BackEnd\\public\\index.php')
