ERROR - 2025-09-03 19:52:15 --> mysqli_sql_exception: Duplicate entry '1' for key 'PRIMARY' in C:\xampp\htdocs\CEJO\CEJO-BackEnd\vendor\codeigniter4\framework\system\Database\MySQLi\Connection.php:327
Stack trace:
#0 C:\xampp\htdocs\CEJO\CEJO-BackEnd\vendor\codeigniter4\framework\system\Database\MySQLi\Connection.php(327): mysqli->query('INSERT INTO `ro...', 0)
#1 C:\xampp\htdocs\CEJO\CEJO-BackEnd\vendor\codeigniter4\framework\system\Database\BaseConnection.php(729): CodeIgniter\Database\MySQLi\Connection->execute('INSERT INTO `ro...')
#2 C:\xampp\htdocs\CEJO\CEJO-BackEnd\vendor\codeigniter4\framework\system\Database\BaseConnection.php(646): CodeIgniter\Database\BaseConnection->simpleQuery('INSERT INTO `ro...')
#3 C:\xampp\htdocs\CEJO\CEJO-BackEnd\vendor\codeigniter4\framework\system\Database\BaseBuilder.php(2345): CodeIgniter\Database\BaseConnection->query('INSERT INTO `ro...', Array, false)
#4 C:\xampp\htdocs\CEJO\CEJO-BackEnd\app\Database\Seeds\RolesSeeder.php(34): CodeIgniter\Database\BaseBuilder->insert(Array)
#5 C:\xampp\htdocs\CEJO\CEJO-BackEnd\vendor\codeigniter4\framework\system\Database\Seeder.php(149): App\Database\Seeds\RolesSeeder->run()
#6 C:\xampp\htdocs\CEJO\CEJO-BackEnd\vendor\codeigniter4\framework\system\Commands\Database\Seed.php(79): CodeIgniter\Database\Seeder->call('App\\Database\\Se...')
#7 C:\xampp\htdocs\CEJO\CEJO-BackEnd\vendor\codeigniter4\framework\system\CLI\Commands.php(74): CodeIgniter\Commands\Database\Seed->run(Array)
#8 C:\xampp\htdocs\CEJO\CEJO-BackEnd\vendor\codeigniter4\framework\system\CLI\Console.php(47): CodeIgniter\CLI\Commands->run('db:seed', Array)
#9 C:\xampp\htdocs\CEJO\CEJO-BackEnd\vendor\codeigniter4\framework\system\Boot.php(388): CodeIgniter\CLI\Console->run()
#10 C:\xampp\htdocs\CEJO\CEJO-BackEnd\vendor\codeigniter4\framework\system\Boot.php(133): CodeIgniter\Boot::runCommand(Object(CodeIgniter\CLI\Console))
#11 C:\xampp\htdocs\CEJO\CEJO-BackEnd\spark(87): CodeIgniter\Boot::bootSpark(Object(Config\Paths))
#12 {main}
CRITICAL - 2025-09-03 20:51:00 --> CodeIgniter\HTTP\Exceptions\BadRequestException: The URI you submitted has disallowed characters: "@vite"
[Method: GET, Route: @vite/client]
in SYSTEMPATH\Router\Router.php on line 741.
 1 SYSTEMPATH\Router\Router.php(207): CodeIgniter\Router\Router->checkDisallowedChars('@vite/client')
 2 SYSTEMPATH\CodeIgniter.php(832): CodeIgniter\Router\Router->handle('@vite/client')
 3 SYSTEMPATH\CodeIgniter.php(455): CodeIgniter\CodeIgniter->tryToRouteIt(Object(CodeIgniter\Router\RouteCollection))
 4 SYSTEMPATH\CodeIgniter.php(354): CodeIgniter\CodeIgniter->handleRequest(null, Object(Config\Cache), false)
 5 SYSTEMPATH\Boot.php(363): CodeIgniter\CodeIgniter->run()
 6 SYSTEMPATH\Boot.php(68): CodeIgniter\Boot::runCodeIgniter(Object(CodeIgniter\CodeIgniter))
 7 FCPATH\index.php(59): CodeIgniter\Boot::bootWeb(Object(Config\Paths))
 8 SYSTEMPATH\rewrite.php(44): require_once('C:\\xampp\\htdocs\\CEJO\\CEJO-BackEnd\\public\\index.php')
CRITICAL - 2025-09-03 21:10:36 --> CodeIgniter\HTTP\Exceptions\BadRequestException: The URI you submitted has disallowed characters: "@vite"
[Method: GET, Route: @vite/client]
in SYSTEMPATH\Router\Router.php on line 741.
 1 SYSTEMPATH\Router\Router.php(207): CodeIgniter\Router\Router->checkDisallowedChars('@vite/client')
 2 SYSTEMPATH\CodeIgniter.php(832): CodeIgniter\Router\Router->handle('@vite/client')
 3 SYSTEMPATH\CodeIgniter.php(455): CodeIgniter\CodeIgniter->tryToRouteIt(Object(CodeIgniter\Router\RouteCollection))
 4 SYSTEMPATH\CodeIgniter.php(354): CodeIgniter\CodeIgniter->handleRequest(null, Object(Config\Cache), false)
 5 SYSTEMPATH\Boot.php(363): CodeIgniter\CodeIgniter->run()
 6 SYSTEMPATH\Boot.php(68): CodeIgniter\Boot::runCodeIgniter(Object(CodeIgniter\CodeIgniter))
 7 FCPATH\index.php(59): CodeIgniter\Boot::bootWeb(Object(Config\Paths))
 8 SYSTEMPATH\rewrite.php(44): require_once('C:\\xampp\\htdocs\\CEJO\\CEJO-BackEnd\\public\\index.php')
ERROR - 2025-09-03 21:10:55 --> mysqli_sql_exception: Unknown column 'Estado_Categoria' in 'where clause' in C:\xampp\htdocs\CEJO\CEJO-BackEnd\vendor\codeigniter4\framework\system\Database\MySQLi\Connection.php:327
Stack trace:
#0 C:\xampp\htdocs\CEJO\CEJO-BackEnd\vendor\codeigniter4\framework\system\Database\MySQLi\Connection.php(327): mysqli->query('SELECT *\nFROM `...', 0)
#1 C:\xampp\htdocs\CEJO\CEJO-BackEnd\vendor\codeigniter4\framework\system\Database\BaseConnection.php(729): CodeIgniter\Database\MySQLi\Connection->execute('SELECT *\nFROM `...')
#2 C:\xampp\htdocs\CEJO\CEJO-BackEnd\vendor\codeigniter4\framework\system\Database\BaseConnection.php(646): CodeIgniter\Database\BaseConnection->simpleQuery('SELECT *\nFROM `...')
#3 C:\xampp\htdocs\CEJO\CEJO-BackEnd\vendor\codeigniter4\framework\system\Database\BaseBuilder.php(1649): CodeIgniter\Database\BaseConnection->query('SELECT *\nFROM `...', Array, false)
#4 C:\xampp\htdocs\CEJO\CEJO-BackEnd\vendor\codeigniter4\framework\system\Model.php(286): CodeIgniter\Database\BaseBuilder->get()
#5 C:\xampp\htdocs\CEJO\CEJO-BackEnd\vendor\codeigniter4\framework\system\BaseModel.php(677): CodeIgniter\Model->doFindAll(0, 0)
#6 C:\xampp\htdocs\CEJO\CEJO-BackEnd\app\Controllers\CategoriaEquipoController.php(20): CodeIgniter\BaseModel->findAll()
#7 C:\xampp\htdocs\CEJO\CEJO-BackEnd\vendor\codeigniter4\framework\system\CodeIgniter.php(933): App\Controllers\CategoriaEquipoController->index()
#8 C:\xampp\htdocs\CEJO\CEJO-BackEnd\vendor\codeigniter4\framework\system\CodeIgniter.php(507): CodeIgniter\CodeIgniter->runController(Object(App\Controllers\CategoriaEquipoController))
#9 C:\xampp\htdocs\CEJO\CEJO-BackEnd\vendor\codeigniter4\framework\system\CodeIgniter.php(354): CodeIgniter\CodeIgniter->handleRequest(NULL, Object(Config\Cache), false)
#10 C:\xampp\htdocs\CEJO\CEJO-BackEnd\vendor\codeigniter4\framework\system\Boot.php(363): CodeIgniter\CodeIgniter->run()
#11 C:\xampp\htdocs\CEJO\CEJO-BackEnd\vendor\codeigniter4\framework\system\Boot.php(68): CodeIgniter\Boot::runCodeIgniter(Object(CodeIgniter\CodeIgniter))
#12 C:\xampp\htdocs\CEJO\CEJO-BackEnd\public\index.php(59): CodeIgniter\Boot::bootWeb(Object(Config\Paths))
#13 C:\xampp\htdocs\CEJO\CEJO-BackEnd\vendor\codeigniter4\framework\system\rewrite.php(44): require_once('C:\\xampp\\htdocs...')
#14 {main}
ERROR - 2025-09-03 21:11:32 --> mysqli_sql_exception: Unknown column 'Estado_Categoria' in 'where clause' in C:\xampp\htdocs\CEJO\CEJO-BackEnd\vendor\codeigniter4\framework\system\Database\MySQLi\Connection.php:327
Stack trace:
#0 C:\xampp\htdocs\CEJO\CEJO-BackEnd\vendor\codeigniter4\framework\system\Database\MySQLi\Connection.php(327): mysqli->query('SELECT *\nFROM `...', 0)
#1 C:\xampp\htdocs\CEJO\CEJO-BackEnd\vendor\codeigniter4\framework\system\Database\BaseConnection.php(729): CodeIgniter\Database\MySQLi\Connection->execute('SELECT *\nFROM `...')
#2 C:\xampp\htdocs\CEJO\CEJO-BackEnd\vendor\codeigniter4\framework\system\Database\BaseConnection.php(646): CodeIgniter\Database\BaseConnection->simpleQuery('SELECT *\nFROM `...')
#3 C:\xampp\htdocs\CEJO\CEJO-BackEnd\vendor\codeigniter4\framework\system\Database\BaseBuilder.php(1649): CodeIgniter\Database\BaseConnection->query('SELECT *\nFROM `...', Array, false)
#4 C:\xampp\htdocs\CEJO\CEJO-BackEnd\vendor\codeigniter4\framework\system\Model.php(286): CodeIgniter\Database\BaseBuilder->get()
#5 C:\xampp\htdocs\CEJO\CEJO-BackEnd\vendor\codeigniter4\framework\system\BaseModel.php(677): CodeIgniter\Model->doFindAll(0, 0)
#6 C:\xampp\htdocs\CEJO\CEJO-BackEnd\app\Controllers\CategoriaEquipoController.php(20): CodeIgniter\BaseModel->findAll()
#7 C:\xampp\htdocs\CEJO\CEJO-BackEnd\vendor\codeigniter4\framework\system\CodeIgniter.php(933): App\Controllers\CategoriaEquipoController->index()
#8 C:\xampp\htdocs\CEJO\CEJO-BackEnd\vendor\codeigniter4\framework\system\CodeIgniter.php(507): CodeIgniter\CodeIgniter->runController(Object(App\Controllers\CategoriaEquipoController))
#9 C:\xampp\htdocs\CEJO\CEJO-BackEnd\vendor\codeigniter4\framework\system\CodeIgniter.php(354): CodeIgniter\CodeIgniter->handleRequest(NULL, Object(Config\Cache), false)
#10 C:\xampp\htdocs\CEJO\CEJO-BackEnd\vendor\codeigniter4\framework\system\Boot.php(363): CodeIgniter\CodeIgniter->run()
#11 C:\xampp\htdocs\CEJO\CEJO-BackEnd\vendor\codeigniter4\framework\system\Boot.php(68): CodeIgniter\Boot::runCodeIgniter(Object(CodeIgniter\CodeIgniter))
#12 C:\xampp\htdocs\CEJO\CEJO-BackEnd\public\index.php(59): CodeIgniter\Boot::bootWeb(Object(Config\Paths))
#13 C:\xampp\htdocs\CEJO\CEJO-BackEnd\vendor\codeigniter4\framework\system\rewrite.php(44): require_once('C:\\xampp\\htdocs...')
#14 {main}
ERROR - 2025-09-03 21:16:02 --> mysqli_sql_exception: Unknown column 'DISTINCT Modelo_Equipos' in 'field list' in C:\xampp\htdocs\CEJO\CEJO-BackEnd\vendor\codeigniter4\framework\system\Database\MySQLi\Connection.php:327
Stack trace:
#0 C:\xampp\htdocs\CEJO\CEJO-BackEnd\vendor\codeigniter4\framework\system\Database\MySQLi\Connection.php(327): mysqli->query('SELECT `DISTINC...', 0)
#1 C:\xampp\htdocs\CEJO\CEJO-BackEnd\vendor\codeigniter4\framework\system\Database\BaseConnection.php(729): CodeIgniter\Database\MySQLi\Connection->execute('SELECT `DISTINC...')
#2 C:\xampp\htdocs\CEJO\CEJO-BackEnd\vendor\codeigniter4\framework\system\Database\BaseConnection.php(646): CodeIgniter\Database\BaseConnection->simpleQuery('SELECT `DISTINC...')
#3 C:\xampp\htdocs\CEJO\CEJO-BackEnd\vendor\codeigniter4\framework\system\Database\BaseBuilder.php(1649): CodeIgniter\Database\BaseConnection->query('SELECT `DISTINC...', Array, false)
#4 C:\xampp\htdocs\CEJO\CEJO-BackEnd\vendor\codeigniter4\framework\system\Model.php(286): CodeIgniter\Database\BaseBuilder->get()
#5 C:\xampp\htdocs\CEJO\CEJO-BackEnd\vendor\codeigniter4\framework\system\BaseModel.php(677): CodeIgniter\Model->doFindAll(0, 0)
#6 C:\xampp\htdocs\CEJO\CEJO-BackEnd\app\Models\EquipoModel.php(318): CodeIgniter\BaseModel->findAll()
#7 C:\xampp\htdocs\CEJO\CEJO-BackEnd\app\Controllers\EquipoController.php(305): App\Models\EquipoModel->getMarcasUnicas()
#8 C:\xampp\htdocs\CEJO\CEJO-BackEnd\vendor\codeigniter4\framework\system\CodeIgniter.php(933): App\Controllers\EquipoController->marcas()
#9 C:\xampp\htdocs\CEJO\CEJO-BackEnd\vendor\codeigniter4\framework\system\CodeIgniter.php(507): CodeIgniter\CodeIgniter->runController(Object(App\Controllers\EquipoController))
#10 C:\xampp\htdocs\CEJO\CEJO-BackEnd\vendor\codeigniter4\framework\system\CodeIgniter.php(354): CodeIgniter\CodeIgniter->handleRequest(NULL, Object(Config\Cache), false)
#11 C:\xampp\htdocs\CEJO\CEJO-BackEnd\vendor\codeigniter4\framework\system\Boot.php(363): CodeIgniter\CodeIgniter->run()
#12 C:\xampp\htdocs\CEJO\CEJO-BackEnd\vendor\codeigniter4\framework\system\Boot.php(68): CodeIgniter\Boot::runCodeIgniter(Object(CodeIgniter\CodeIgniter))
#13 C:\xampp\htdocs\CEJO\CEJO-BackEnd\public\index.php(59): CodeIgniter\Boot::bootWeb(Object(Config\Paths))
#14 C:\xampp\htdocs\CEJO\CEJO-BackEnd\vendor\codeigniter4\framework\system\rewrite.php(44): require_once('C:\\xampp\\htdocs...')
#15 {main}
ERROR - 2025-09-03 21:16:35 --> mysqli_sql_exception: Unknown column 'DISTINCT Modelo_Equipos' in 'field list' in C:\xampp\htdocs\CEJO\CEJO-BackEnd\vendor\codeigniter4\framework\system\Database\MySQLi\Connection.php:327
Stack trace:
#0 C:\xampp\htdocs\CEJO\CEJO-BackEnd\vendor\codeigniter4\framework\system\Database\MySQLi\Connection.php(327): mysqli->query('SELECT `DISTINC...', 0)
#1 C:\xampp\htdocs\CEJO\CEJO-BackEnd\vendor\codeigniter4\framework\system\Database\BaseConnection.php(729): CodeIgniter\Database\MySQLi\Connection->execute('SELECT `DISTINC...')
#2 C:\xampp\htdocs\CEJO\CEJO-BackEnd\vendor\codeigniter4\framework\system\Database\BaseConnection.php(646): CodeIgniter\Database\BaseConnection->simpleQuery('SELECT `DISTINC...')
#3 C:\xampp\htdocs\CEJO\CEJO-BackEnd\vendor\codeigniter4\framework\system\Database\BaseBuilder.php(1649): CodeIgniter\Database\BaseConnection->query('SELECT `DISTINC...', Array, false)
#4 C:\xampp\htdocs\CEJO\CEJO-BackEnd\vendor\codeigniter4\framework\system\Model.php(286): CodeIgniter\Database\BaseBuilder->get()
#5 C:\xampp\htdocs\CEJO\CEJO-BackEnd\vendor\codeigniter4\framework\system\BaseModel.php(677): CodeIgniter\Model->doFindAll(0, 0)
#6 C:\xampp\htdocs\CEJO\CEJO-BackEnd\app\Models\EquipoModel.php(318): CodeIgniter\BaseModel->findAll()
#7 C:\xampp\htdocs\CEJO\CEJO-BackEnd\app\Controllers\EquipoController.php(305): App\Models\EquipoModel->getMarcasUnicas()
#8 C:\xampp\htdocs\CEJO\CEJO-BackEnd\vendor\codeigniter4\framework\system\CodeIgniter.php(933): App\Controllers\EquipoController->marcas()
#9 C:\xampp\htdocs\CEJO\CEJO-BackEnd\vendor\codeigniter4\framework\system\CodeIgniter.php(507): CodeIgniter\CodeIgniter->runController(Object(App\Controllers\EquipoController))
#10 C:\xampp\htdocs\CEJO\CEJO-BackEnd\vendor\codeigniter4\framework\system\CodeIgniter.php(354): CodeIgniter\CodeIgniter->handleRequest(NULL, Object(Config\Cache), false)
#11 C:\xampp\htdocs\CEJO\CEJO-BackEnd\vendor\codeigniter4\framework\system\Boot.php(363): CodeIgniter\CodeIgniter->run()
#12 C:\xampp\htdocs\CEJO\CEJO-BackEnd\vendor\codeigniter4\framework\system\Boot.php(68): CodeIgniter\Boot::runCodeIgniter(Object(CodeIgniter\CodeIgniter))
#13 C:\xampp\htdocs\CEJO\CEJO-BackEnd\public\index.php(59): CodeIgniter\Boot::bootWeb(Object(Config\Paths))
#14 C:\xampp\htdocs\CEJO\CEJO-BackEnd\vendor\codeigniter4\framework\system\rewrite.php(44): require_once('C:\\xampp\\htdocs...')
#15 {main}
CRITICAL - 2025-09-03 21:24:30 --> CodeIgniter\HTTP\Exceptions\BadRequestException: The URI you submitted has disallowed characters: "@vite"
[Method: GET, Route: @vite/client]
in SYSTEMPATH\Router\Router.php on line 741.
 1 SYSTEMPATH\Router\Router.php(207): CodeIgniter\Router\Router->checkDisallowedChars('@vite/client')
 2 SYSTEMPATH\CodeIgniter.php(832): CodeIgniter\Router\Router->handle('@vite/client')
 3 SYSTEMPATH\CodeIgniter.php(455): CodeIgniter\CodeIgniter->tryToRouteIt(Object(CodeIgniter\Router\RouteCollection))
 4 SYSTEMPATH\CodeIgniter.php(354): CodeIgniter\CodeIgniter->handleRequest(null, Object(Config\Cache), false)
 5 SYSTEMPATH\Boot.php(363): CodeIgniter\CodeIgniter->run()
 6 SYSTEMPATH\Boot.php(68): CodeIgniter\Boot::runCodeIgniter(Object(CodeIgniter\CodeIgniter))
 7 FCPATH\index.php(59): CodeIgniter\Boot::bootWeb(Object(Config\Paths))
 8 SYSTEMPATH\rewrite.php(44): require_once('C:\\xampp\\htdocs\\CEJO\\CEJO-BackEnd\\public\\index.php')
CRITICAL - 2025-09-03 21:24:53 --> TypeError: CodeIgniter\BaseModel::cleanValidationRules(): Argument #2 ($row) must be of type ?array, string given, called in C:\xampp\htdocs\CEJO\CEJO-BackEnd\vendor\codeigniter4\framework\system\BaseModel.php on line 1558
[Method: POST, Route: equipos]
in SYSTEMPATH\BaseModel.php on line 1627.
 1 SYSTEMPATH\BaseModel.php(1558): CodeIgniter\BaseModel->cleanValidationRules([...], '{
    "idCategorias":  1,
    "Accesorios_Equipo":  "Cargador",
    "Marca_Equipo":  "HP",
    "Fecha_Ingreso_Equipo":  "2025-01-15",
    "idCliente":  1,
    "Descripcion_Problema":  "No enciende",
    "Modelo_Equipo":  "Pavilion",
    "idGarantias":  1
}')
 2 APPPATH\Controllers\EquipoController.php(82): CodeIgniter\BaseModel->validate('{
    "idCategorias":  1,
    "Accesorios_Equipo":  "Cargador",
    "Marca_Equipo":  "HP",
    "Fecha_Ingreso_Equipo":  "2025-01-15",
    "idCliente":  1,
    "Descripcion_Problema":  "No enciende",
    "Modelo_Equipo":  "Pavilion",
    "idGarantias":  1
}')
 3 SYSTEMPATH\CodeIgniter.php(933): App\Controllers\EquipoController->create()
 4 SYSTEMPATH\CodeIgniter.php(507): CodeIgniter\CodeIgniter->runController(Object(App\Controllers\EquipoController))
 5 SYSTEMPATH\CodeIgniter.php(354): CodeIgniter\CodeIgniter->handleRequest(null, Object(Config\Cache), false)
 6 SYSTEMPATH\Boot.php(363): CodeIgniter\CodeIgniter->run()
 7 SYSTEMPATH\Boot.php(68): CodeIgniter\Boot::runCodeIgniter(Object(CodeIgniter\CodeIgniter))
 8 FCPATH\index.php(59): CodeIgniter\Boot::bootWeb(Object(Config\Paths))
 9 SYSTEMPATH\rewrite.php(44): require_once('C:\\xampp\\htdocs\\CEJO\\CEJO-BackEnd\\public\\index.php')
CRITICAL - 2025-09-03 21:25:27 --> CodeIgniter\HTTP\Exceptions\BadRequestException: The URI you submitted has disallowed characters: "@vite"
[Method: GET, Route: @vite/client]
in SYSTEMPATH\Router\Router.php on line 741.
 1 SYSTEMPATH\Router\Router.php(207): CodeIgniter\Router\Router->checkDisallowedChars('@vite/client')
 2 SYSTEMPATH\CodeIgniter.php(832): CodeIgniter\Router\Router->handle('@vite/client')
 3 SYSTEMPATH\CodeIgniter.php(455): CodeIgniter\CodeIgniter->tryToRouteIt(Object(CodeIgniter\Router\RouteCollection))
 4 SYSTEMPATH\CodeIgniter.php(354): CodeIgniter\CodeIgniter->handleRequest(null, Object(Config\Cache), false)
 5 SYSTEMPATH\Boot.php(363): CodeIgniter\CodeIgniter->run()
 6 SYSTEMPATH\Boot.php(68): CodeIgniter\Boot::runCodeIgniter(Object(CodeIgniter\CodeIgniter))
 7 FCPATH\index.php(59): CodeIgniter\Boot::bootWeb(Object(Config\Paths))
 8 SYSTEMPATH\rewrite.php(44): require_once('C:\\xampp\\htdocs\\CEJO\\CEJO-BackEnd\\public\\index.php')
CRITICAL - 2025-09-03 21:26:10 --> TypeError: CodeIgniter\BaseModel::cleanValidationRules(): Argument #2 ($row) must be of type ?array, string given, called in C:\xampp\htdocs\CEJO\CEJO-BackEnd\vendor\codeigniter4\framework\system\BaseModel.php on line 1558
[Method: POST, Route: equipos]
in SYSTEMPATH\BaseModel.php on line 1627.
 1 SYSTEMPATH\BaseModel.php(1558): CodeIgniter\BaseModel->cleanValidationRules([...], 'idCategorias=1&Accesorios_Equipo=Cargador&Marca_Equipo=HP&Fecha_Ingreso_Equipo=2025-01-15&idCliente=1&Descripcion_Problema=No+enciende&Modelo_Equipo=Pavilion&idGarantias=1')
 2 APPPATH\Controllers\EquipoController.php(82): CodeIgniter\BaseModel->validate('idCategorias=1&Accesorios_Equipo=Cargador&Marca_Equipo=HP&Fecha_Ingreso_Equipo=2025-01-15&idCliente=1&Descripcion_Problema=No+enciende&Modelo_Equipo=Pavilion&idGarantias=1')
 3 SYSTEMPATH\CodeIgniter.php(933): App\Controllers\EquipoController->create()
 4 SYSTEMPATH\CodeIgniter.php(507): CodeIgniter\CodeIgniter->runController(Object(App\Controllers\EquipoController))
 5 SYSTEMPATH\CodeIgniter.php(354): CodeIgniter\CodeIgniter->handleRequest(null, Object(Config\Cache), false)
 6 SYSTEMPATH\Boot.php(363): CodeIgniter\CodeIgniter->run()
 7 SYSTEMPATH\Boot.php(68): CodeIgniter\Boot::runCodeIgniter(Object(CodeIgniter\CodeIgniter))
 8 FCPATH\index.php(59): CodeIgniter\Boot::bootWeb(Object(Config\Paths))
 9 SYSTEMPATH\rewrite.php(44): require_once('C:\\xampp\\htdocs\\CEJO\\CEJO-BackEnd\\public\\index.php')
CRITICAL - 2025-09-03 21:26:27 --> TypeError: CodeIgniter\BaseModel::cleanValidationRules(): Argument #2 ($row) must be of type ?array, string given, called in C:\xampp\htdocs\CEJO\CEJO-BackEnd\vendor\codeigniter4\framework\system\BaseModel.php on line 1558
[Method: POST, Route: equipos]
in SYSTEMPATH\BaseModel.php on line 1627.
 1 SYSTEMPATH\BaseModel.php(1558): CodeIgniter\BaseModel->cleanValidationRules([...], 'idCategorias_Equipos=1&idGarantias_Equipos=1&idEstados_Equipos=1&FechaIngreso_Equipos=2025-01-15&Modelo_Equipos=HP+Pavilion&idClientes_Equipos=1&DescripcionProblema_Equipos=No+enciende&Accesorios_Equipos=Cargador')
 2 APPPATH\Controllers\EquipoController.php(82): CodeIgniter\BaseModel->validate('idCategorias_Equipos=1&idGarantias_Equipos=1&idEstados_Equipos=1&FechaIngreso_Equipos=2025-01-15&Modelo_Equipos=HP+Pavilion&idClientes_Equipos=1&DescripcionProblema_Equipos=No+enciende&Accesorios_Equipos=Cargador')
 3 SYSTEMPATH\CodeIgniter.php(933): App\Controllers\EquipoController->create()
 4 SYSTEMPATH\CodeIgniter.php(507): CodeIgniter\CodeIgniter->runController(Object(App\Controllers\EquipoController))
 5 SYSTEMPATH\CodeIgniter.php(354): CodeIgniter\CodeIgniter->handleRequest(null, Object(Config\Cache), false)
 6 SYSTEMPATH\Boot.php(363): CodeIgniter\CodeIgniter->run()
 7 SYSTEMPATH\Boot.php(68): CodeIgniter\Boot::runCodeIgniter(Object(CodeIgniter\CodeIgniter))
 8 FCPATH\index.php(59): CodeIgniter\Boot::bootWeb(Object(Config\Paths))
 9 SYSTEMPATH\rewrite.php(44): require_once('C:\\xampp\\htdocs\\CEJO\\CEJO-BackEnd\\public\\index.php')
CRITICAL - 2025-09-03 21:27:37 --> CodeIgniter\HTTP\Exceptions\BadRequestException: The URI you submitted has disallowed characters: "@vite"
[Method: GET, Route: @vite/client]
in SYSTEMPATH\Router\Router.php on line 741.
 1 SYSTEMPATH\Router\Router.php(207): CodeIgniter\Router\Router->checkDisallowedChars('@vite/client')
 2 SYSTEMPATH\CodeIgniter.php(832): CodeIgniter\Router\Router->handle('@vite/client')
 3 SYSTEMPATH\CodeIgniter.php(455): CodeIgniter\CodeIgniter->tryToRouteIt(Object(CodeIgniter\Router\RouteCollection))
 4 SYSTEMPATH\CodeIgniter.php(354): CodeIgniter\CodeIgniter->handleRequest(null, Object(Config\Cache), false)
 5 SYSTEMPATH\Boot.php(363): CodeIgniter\CodeIgniter->run()
 6 SYSTEMPATH\Boot.php(68): CodeIgniter\Boot::runCodeIgniter(Object(CodeIgniter\CodeIgniter))
 7 FCPATH\index.php(59): CodeIgniter\Boot::bootWeb(Object(Config\Paths))
 8 SYSTEMPATH\rewrite.php(44): require_once('C:\\xampp\\htdocs\\CEJO\\CEJO-BackEnd\\public\\index.php')
CRITICAL - 2025-09-03 21:27:44 --> TypeError: CodeIgniter\BaseModel::cleanValidationRules(): Argument #2 ($row) must be of type ?array, string given, called in C:\xampp\htdocs\CEJO\CEJO-BackEnd\vendor\codeigniter4\framework\system\BaseModel.php on line 1558
[Method: POST, Route: equipos]
in SYSTEMPATH\BaseModel.php on line 1627.
 1 SYSTEMPATH\BaseModel.php(1558): CodeIgniter\BaseModel->cleanValidationRules([...], 'idCategorias_Equipos=1&idGarantias_Equipos=1&idEstados_Equipos=1&FechaIngreso_Equipos=2025-01-15&Modelo_Equipos=HP+Pavilion&idClientes_Equipos=1&DescripcionProblema_Equipos=No+enciende&Accesorios_Equipos=Cargador')
 2 APPPATH\Controllers\EquipoController.php(82): CodeIgniter\BaseModel->validate('idCategorias_Equipos=1&idGarantias_Equipos=1&idEstados_Equipos=1&FechaIngreso_Equipos=2025-01-15&Modelo_Equipos=HP+Pavilion&idClientes_Equipos=1&DescripcionProblema_Equipos=No+enciende&Accesorios_Equipos=Cargador')
 3 SYSTEMPATH\CodeIgniter.php(933): App\Controllers\EquipoController->create()
 4 SYSTEMPATH\CodeIgniter.php(507): CodeIgniter\CodeIgniter->runController(Object(App\Controllers\EquipoController))
 5 SYSTEMPATH\CodeIgniter.php(354): CodeIgniter\CodeIgniter->handleRequest(null, Object(Config\Cache), false)
 6 SYSTEMPATH\Boot.php(363): CodeIgniter\CodeIgniter->run()
 7 SYSTEMPATH\Boot.php(68): CodeIgniter\Boot::runCodeIgniter(Object(CodeIgniter\CodeIgniter))
 8 FCPATH\index.php(59): CodeIgniter\Boot::bootWeb(Object(Config\Paths))
 9 SYSTEMPATH\rewrite.php(44): require_once('C:\\xampp\\htdocs\\CEJO\\CEJO-BackEnd\\public\\index.php')
CRITICAL - 2025-09-03 21:29:00 --> CodeIgniter\HTTP\Exceptions\BadRequestException: The URI you submitted has disallowed characters: "@vite"
[Method: GET, Route: @vite/client]
in SYSTEMPATH\Router\Router.php on line 741.
 1 SYSTEMPATH\Router\Router.php(207): CodeIgniter\Router\Router->checkDisallowedChars('@vite/client')
 2 SYSTEMPATH\CodeIgniter.php(832): CodeIgniter\Router\Router->handle('@vite/client')
 3 SYSTEMPATH\CodeIgniter.php(455): CodeIgniter\CodeIgniter->tryToRouteIt(Object(CodeIgniter\Router\RouteCollection))
 4 SYSTEMPATH\CodeIgniter.php(354): CodeIgniter\CodeIgniter->handleRequest(null, Object(Config\Cache), false)
 5 SYSTEMPATH\Boot.php(363): CodeIgniter\CodeIgniter->run()
 6 SYSTEMPATH\Boot.php(68): CodeIgniter\Boot::runCodeIgniter(Object(CodeIgniter\CodeIgniter))
 7 FCPATH\index.php(59): CodeIgniter\Boot::bootWeb(Object(Config\Paths))
 8 SYSTEMPATH\rewrite.php(44): require_once('C:\\xampp\\htdocs\\CEJO\\CEJO-BackEnd\\public\\index.php')
CRITICAL - 2025-09-03 22:58:57 --> CodeIgniter\HTTP\Exceptions\BadRequestException: The URI you submitted has disallowed characters: "@vite"
[Method: GET, Route: @vite/client]
in SYSTEMPATH\Router\Router.php on line 741.
 1 SYSTEMPATH\Router\Router.php(207): CodeIgniter\Router\Router->checkDisallowedChars('@vite/client')
 2 SYSTEMPATH\CodeIgniter.php(832): CodeIgniter\Router\Router->handle('@vite/client')
 3 SYSTEMPATH\CodeIgniter.php(455): CodeIgniter\CodeIgniter->tryToRouteIt(Object(CodeIgniter\Router\RouteCollection))
 4 SYSTEMPATH\CodeIgniter.php(354): CodeIgniter\CodeIgniter->handleRequest(null, Object(Config\Cache), false)
 5 SYSTEMPATH\Boot.php(363): CodeIgniter\CodeIgniter->run()
 6 SYSTEMPATH\Boot.php(68): CodeIgniter\Boot::runCodeIgniter(Object(CodeIgniter\CodeIgniter))
 7 FCPATH\index.php(59): CodeIgniter\Boot::bootWeb(Object(Config\Paths))
CRITICAL - 2025-09-03 22:59:16 --> CodeIgniter\HTTP\Exceptions\BadRequestException: The URI you submitted has disallowed characters: "@vite"
[Method: GET, Route: @vite/client]
in SYSTEMPATH\Router\Router.php on line 741.
 1 SYSTEMPATH\Router\Router.php(207): CodeIgniter\Router\Router->checkDisallowedChars('@vite/client')
 2 SYSTEMPATH\CodeIgniter.php(832): CodeIgniter\Router\Router->handle('@vite/client')
 3 SYSTEMPATH\CodeIgniter.php(455): CodeIgniter\CodeIgniter->tryToRouteIt(Object(CodeIgniter\Router\RouteCollection))
 4 SYSTEMPATH\CodeIgniter.php(354): CodeIgniter\CodeIgniter->handleRequest(null, Object(Config\Cache), false)
 5 SYSTEMPATH\Boot.php(363): CodeIgniter\CodeIgniter->run()
 6 SYSTEMPATH\Boot.php(68): CodeIgniter\Boot::runCodeIgniter(Object(CodeIgniter\CodeIgniter))
 7 FCPATH\index.php(59): CodeIgniter\Boot::bootWeb(Object(Config\Paths))
CRITICAL - 2025-09-03 22:59:25 --> CodeIgniter\HTTP\Exceptions\BadRequestException: The URI you submitted has disallowed characters: "@vite"
[Method: GET, Route: @vite/client]
in SYSTEMPATH\Router\Router.php on line 741.
 1 SYSTEMPATH\Router\Router.php(207): CodeIgniter\Router\Router->checkDisallowedChars('@vite/client')
 2 SYSTEMPATH\CodeIgniter.php(832): CodeIgniter\Router\Router->handle('@vite/client')
 3 SYSTEMPATH\CodeIgniter.php(455): CodeIgniter\CodeIgniter->tryToRouteIt(Object(CodeIgniter\Router\RouteCollection))
 4 SYSTEMPATH\CodeIgniter.php(354): CodeIgniter\CodeIgniter->handleRequest(null, Object(Config\Cache), false)
 5 SYSTEMPATH\Boot.php(363): CodeIgniter\CodeIgniter->run()
 6 SYSTEMPATH\Boot.php(68): CodeIgniter\Boot::runCodeIgniter(Object(CodeIgniter\CodeIgniter))
 7 FCPATH\index.php(59): CodeIgniter\Boot::bootWeb(Object(Config\Paths))
CRITICAL - 2025-09-03 23:00:05 --> CodeIgniter\HTTP\Exceptions\BadRequestException: The URI you submitted has disallowed characters: "@vite"
[Method: GET, Route: @vite/client]
in SYSTEMPATH\Router\Router.php on line 741.
 1 SYSTEMPATH\Router\Router.php(207): CodeIgniter\Router\Router->checkDisallowedChars('@vite/client')
 2 SYSTEMPATH\CodeIgniter.php(832): CodeIgniter\Router\Router->handle('@vite/client')
 3 SYSTEMPATH\CodeIgniter.php(455): CodeIgniter\CodeIgniter->tryToRouteIt(Object(CodeIgniter\Router\RouteCollection))
 4 SYSTEMPATH\CodeIgniter.php(354): CodeIgniter\CodeIgniter->handleRequest(null, Object(Config\Cache), false)
 5 SYSTEMPATH\Boot.php(363): CodeIgniter\CodeIgniter->run()
 6 SYSTEMPATH\Boot.php(68): CodeIgniter\Boot::runCodeIgniter(Object(CodeIgniter\CodeIgniter))
 7 FCPATH\index.php(59): CodeIgniter\Boot::bootWeb(Object(Config\Paths))
CRITICAL - 2025-09-03 23:00:30 --> CodeIgniter\HTTP\Exceptions\BadRequestException: The URI you submitted has disallowed characters: "@vite"
[Method: GET, Route: @vite/client]
in SYSTEMPATH\Router\Router.php on line 741.
 1 SYSTEMPATH\Router\Router.php(207): CodeIgniter\Router\Router->checkDisallowedChars('@vite/client')
 2 SYSTEMPATH\CodeIgniter.php(832): CodeIgniter\Router\Router->handle('@vite/client')
 3 SYSTEMPATH\CodeIgniter.php(455): CodeIgniter\CodeIgniter->tryToRouteIt(Object(CodeIgniter\Router\RouteCollection))
 4 SYSTEMPATH\CodeIgniter.php(354): CodeIgniter\CodeIgniter->handleRequest(null, Object(Config\Cache), false)
 5 SYSTEMPATH\Boot.php(363): CodeIgniter\CodeIgniter->run()
 6 SYSTEMPATH\Boot.php(68): CodeIgniter\Boot::runCodeIgniter(Object(CodeIgniter\CodeIgniter))
 7 FCPATH\index.php(59): CodeIgniter\Boot::bootWeb(Object(Config\Paths))
CRITICAL - 2025-09-03 23:01:17 --> CodeIgniter\HTTP\Exceptions\BadRequestException: The URI you submitted has disallowed characters: "@vite"
[Method: GET, Route: @vite/client]
in SYSTEMPATH\Router\Router.php on line 741.
 1 SYSTEMPATH\Router\Router.php(207): CodeIgniter\Router\Router->checkDisallowedChars('@vite/client')
 2 SYSTEMPATH\CodeIgniter.php(832): CodeIgniter\Router\Router->handle('@vite/client')
 3 SYSTEMPATH\CodeIgniter.php(455): CodeIgniter\CodeIgniter->tryToRouteIt(Object(CodeIgniter\Router\RouteCollection))
 4 SYSTEMPATH\CodeIgniter.php(354): CodeIgniter\CodeIgniter->handleRequest(null, Object(Config\Cache), false)
 5 SYSTEMPATH\Boot.php(363): CodeIgniter\CodeIgniter->run()
 6 SYSTEMPATH\Boot.php(68): CodeIgniter\Boot::runCodeIgniter(Object(CodeIgniter\CodeIgniter))
 7 FCPATH\index.php(59): CodeIgniter\Boot::bootWeb(Object(Config\Paths))
CRITICAL - 2025-09-03 23:04:39 --> CodeIgniter\HTTP\Exceptions\BadRequestException: The URI you submitted has disallowed characters: "@vite"
[Method: GET, Route: @vite/client]
in SYSTEMPATH\Router\Router.php on line 741.
 1 SYSTEMPATH\Router\Router.php(207): CodeIgniter\Router\Router->checkDisallowedChars('@vite/client')
 2 SYSTEMPATH\CodeIgniter.php(832): CodeIgniter\Router\Router->handle('@vite/client')
 3 SYSTEMPATH\CodeIgniter.php(455): CodeIgniter\CodeIgniter->tryToRouteIt(Object(CodeIgniter\Router\RouteCollection))
 4 SYSTEMPATH\CodeIgniter.php(354): CodeIgniter\CodeIgniter->handleRequest(null, Object(Config\Cache), false)
 5 SYSTEMPATH\Boot.php(363): CodeIgniter\CodeIgniter->run()
 6 SYSTEMPATH\Boot.php(68): CodeIgniter\Boot::runCodeIgniter(Object(CodeIgniter\CodeIgniter))
 7 FCPATH\index.php(59): CodeIgniter\Boot::bootWeb(Object(Config\Paths))
 8 C:\xampp\htdocs\CEJO\router.php(26): include('C:\\xampp\\htdocs\\CEJO\\CEJO-BackEnd\\public\\index.php')
CRITICAL - 2025-09-03 23:05:00 --> CodeIgniter\HTTP\Exceptions\BadRequestException: The URI you submitted has disallowed characters: "@vite"
[Method: GET, Route: @vite/client]
in SYSTEMPATH\Router\Router.php on line 741.
 1 SYSTEMPATH\Router\Router.php(207): CodeIgniter\Router\Router->checkDisallowedChars('@vite/client')
 2 SYSTEMPATH\CodeIgniter.php(832): CodeIgniter\Router\Router->handle('@vite/client')
 3 SYSTEMPATH\CodeIgniter.php(455): CodeIgniter\CodeIgniter->tryToRouteIt(Object(CodeIgniter\Router\RouteCollection))
 4 SYSTEMPATH\CodeIgniter.php(354): CodeIgniter\CodeIgniter->handleRequest(null, Object(Config\Cache), false)
 5 SYSTEMPATH\Boot.php(363): CodeIgniter\CodeIgniter->run()
 6 SYSTEMPATH\Boot.php(68): CodeIgniter\Boot::runCodeIgniter(Object(CodeIgniter\CodeIgniter))
 7 FCPATH\index.php(59): CodeIgniter\Boot::bootWeb(Object(Config\Paths))
 8 C:\xampp\htdocs\CEJO\router.php(26): include('C:\\xampp\\htdocs\\CEJO\\CEJO-BackEnd\\public\\index.php')
CRITICAL - 2025-09-03 23:09:40 --> CodeIgniter\HTTP\Exceptions\BadRequestException: The URI you submitted has disallowed characters: "@vite"
[Method: GET, Route: @vite/client]
in SYSTEMPATH\Router\Router.php on line 741.
 1 SYSTEMPATH\Router\Router.php(207): CodeIgniter\Router\Router->checkDisallowedChars('@vite/client')
 2 SYSTEMPATH\CodeIgniter.php(832): CodeIgniter\Router\Router->handle('@vite/client')
 3 SYSTEMPATH\CodeIgniter.php(455): CodeIgniter\CodeIgniter->tryToRouteIt(Object(CodeIgniter\Router\RouteCollection))
 4 SYSTEMPATH\CodeIgniter.php(354): CodeIgniter\CodeIgniter->handleRequest(null, Object(Config\Cache), false)
 5 SYSTEMPATH\Boot.php(363): CodeIgniter\CodeIgniter->run()
 6 SYSTEMPATH\Boot.php(68): CodeIgniter\Boot::runCodeIgniter(Object(CodeIgniter\CodeIgniter))
 7 FCPATH\index.php(59): CodeIgniter\Boot::bootWeb(Object(Config\Paths))
CRITICAL - 2025-09-03 23:26:24 --> CodeIgniter\HTTP\Exceptions\BadRequestException: The URI you submitted has disallowed characters: "@vite"
[Method: GET, Route: @vite/client]
in SYSTEMPATH\Router\Router.php on line 741.
 1 SYSTEMPATH\Router\Router.php(207): CodeIgniter\Router\Router->checkDisallowedChars('@vite/client')
 2 SYSTEMPATH\CodeIgniter.php(832): CodeIgniter\Router\Router->handle('@vite/client')
 3 SYSTEMPATH\CodeIgniter.php(455): CodeIgniter\CodeIgniter->tryToRouteIt(Object(CodeIgniter\Router\RouteCollection))
 4 SYSTEMPATH\CodeIgniter.php(354): CodeIgniter\CodeIgniter->handleRequest(null, Object(Config\Cache), false)
 5 SYSTEMPATH\Boot.php(363): CodeIgniter\CodeIgniter->run()
 6 SYSTEMPATH\Boot.php(68): CodeIgniter\Boot::runCodeIgniter(Object(CodeIgniter\CodeIgniter))
 7 FCPATH\index.php(59): CodeIgniter\Boot::bootWeb(Object(Config\Paths))
 8 SYSTEMPATH\rewrite.php(44): require_once('C:\\xampp\\htdocs\\CEJO\\CEJO-BackEnd\\public\\index.php')
CRITICAL - 2025-09-03 23:27:04 --> CodeIgniter\HTTP\Exceptions\BadRequestException: The URI you submitted has disallowed characters: "@vite"
[Method: GET, Route: @vite/client]
in SYSTEMPATH\Router\Router.php on line 741.
 1 SYSTEMPATH\Router\Router.php(207): CodeIgniter\Router\Router->checkDisallowedChars('@vite/client')
 2 SYSTEMPATH\CodeIgniter.php(832): CodeIgniter\Router\Router->handle('@vite/client')
 3 SYSTEMPATH\CodeIgniter.php(455): CodeIgniter\CodeIgniter->tryToRouteIt(Object(CodeIgniter\Router\RouteCollection))
 4 SYSTEMPATH\CodeIgniter.php(354): CodeIgniter\CodeIgniter->handleRequest(null, Object(Config\Cache), false)
 5 SYSTEMPATH\Boot.php(363): CodeIgniter\CodeIgniter->run()
 6 SYSTEMPATH\Boot.php(68): CodeIgniter\Boot::runCodeIgniter(Object(CodeIgniter\CodeIgniter))
 7 FCPATH\index.php(59): CodeIgniter\Boot::bootWeb(Object(Config\Paths))
 8 SYSTEMPATH\rewrite.php(44): require_once('C:\\xampp\\htdocs\\CEJO\\CEJO-BackEnd\\public\\index.php')
CRITICAL - 2025-09-03 23:51:57 --> ErrorException: include(C:\xampp\htdocs\CEJO\CEJO-BackEnd\vendor\composer/../../app/Controllers/BaseController.php): Failed to open stream: No such file or directory
[Method: GET, Route: usuario-actual]
in VENDORPATH\composer\ClassLoader.php on line 576.
 1 VENDORPATH\composer\ClassLoader.php(576): CodeIgniter\Debug\Exceptions->errorHandler(2, 'include(C:\\xampp\\htdocs\\CEJO\\CEJO-BackEnd\\vendor\\composer/../../app/Controllers/BaseController.php): Failed to open stream: No such file or directory', 'C:\\xampp\\htdocs\\CEJO\\CEJO-BackEnd\\vendor\\composer\\ClassLoader.php', 576)
 2 VENDORPATH\composer\ClassLoader.php(576): include()
 3 VENDORPATH\composer\ClassLoader.php(427): Composer\Autoload\{closure}('C:\\xampp\\htdocs\\CEJO\\CEJO-BackEnd\\vendor\\composer/../../app/Controllers/BaseController.php')
 4 APPPATH\Controllers\Home.php(4): Composer\Autoload\ClassLoader->loadClass('App\\Controllers\\BaseController')
 5 VENDORPATH\composer\ClassLoader.php(576): include('C:\\xampp\\htdocs\\CEJO\\CEJO-BackEnd\\app\\Controllers\\Home.php')
 6 VENDORPATH\composer\ClassLoader.php(427): Composer\Autoload\{closure}('C:\\xampp\\htdocs\\CEJO\\CEJO-BackEnd\\vendor\\composer/../../app/Controllers/Home.php')
 7 [internal function]: Composer\Autoload\ClassLoader->loadClass('App\\Controllers\\Home')
 8 SYSTEMPATH\CodeIgniter.php(885): class_exists('\\App\\Controllers\\Home', true)
 9 SYSTEMPATH\CodeIgniter.php(494): CodeIgniter\CodeIgniter->startController()
10 SYSTEMPATH\CodeIgniter.php(354): CodeIgniter\CodeIgniter->handleRequest(null, Object(Config\Cache), false)
11 SYSTEMPATH\Boot.php(363): CodeIgniter\CodeIgniter->run()
12 SYSTEMPATH\Boot.php(68): CodeIgniter\Boot::runCodeIgniter(Object(CodeIgniter\CodeIgniter))
13 FCPATH\index.php(59): CodeIgniter\Boot::bootWeb(Object(Config\Paths))
CRITICAL - 2025-09-03 23:52:05 --> ErrorException: include(C:\xampp\htdocs\CEJO\CEJO-BackEnd\vendor\composer/../../app/Controllers/BaseController.php): Failed to open stream: No such file or directory
[Method: POST, Route: login]
in VENDORPATH\composer\ClassLoader.php on line 576.
 1 VENDORPATH\composer\ClassLoader.php(576): CodeIgniter\Debug\Exceptions->errorHandler(2, 'include(C:\\xampp\\htdocs\\CEJO\\CEJO-BackEnd\\vendor\\composer/../../app/Controllers/BaseController.php): Failed to open stream: No such file or directory', 'C:\\xampp\\htdocs\\CEJO\\CEJO-BackEnd\\vendor\\composer\\ClassLoader.php', 576)
 2 VENDORPATH\composer\ClassLoader.php(576): include()
 3 VENDORPATH\composer\ClassLoader.php(427): Composer\Autoload\{closure}('C:\\xampp\\htdocs\\CEJO\\CEJO-BackEnd\\vendor\\composer/../../app/Controllers/BaseController.php')
 4 APPPATH\Controllers\Home.php(4): Composer\Autoload\ClassLoader->loadClass('App\\Controllers\\BaseController')
 5 VENDORPATH\composer\ClassLoader.php(576): include('C:\\xampp\\htdocs\\CEJO\\CEJO-BackEnd\\app\\Controllers\\Home.php')
 6 VENDORPATH\composer\ClassLoader.php(427): Composer\Autoload\{closure}('C:\\xampp\\htdocs\\CEJO\\CEJO-BackEnd\\vendor\\composer/../../app/Controllers/Home.php')
 7 [internal function]: Composer\Autoload\ClassLoader->loadClass('App\\Controllers\\Home')
 8 SYSTEMPATH\CodeIgniter.php(885): class_exists('\\App\\Controllers\\Home', true)
 9 SYSTEMPATH\CodeIgniter.php(494): CodeIgniter\CodeIgniter->startController()
10 SYSTEMPATH\CodeIgniter.php(354): CodeIgniter\CodeIgniter->handleRequest(null, Object(Config\Cache), false)
11 SYSTEMPATH\Boot.php(363): CodeIgniter\CodeIgniter->run()
12 SYSTEMPATH\Boot.php(68): CodeIgniter\Boot::runCodeIgniter(Object(CodeIgniter\CodeIgniter))
13 FCPATH\index.php(59): CodeIgniter\Boot::bootWeb(Object(Config\Paths))
CRITICAL - 2025-09-03 23:52:47 --> ErrorException: include(C:\xampp\htdocs\CEJO\CEJO-BackEnd\vendor\composer/../../app/Controllers/BaseController.php): Failed to open stream: No such file or directory
[Method: POST, Route: login]
in VENDORPATH\composer\ClassLoader.php on line 576.
 1 VENDORPATH\composer\ClassLoader.php(576): CodeIgniter\Debug\Exceptions->errorHandler(2, 'include(C:\\xampp\\htdocs\\CEJO\\CEJO-BackEnd\\vendor\\composer/../../app/Controllers/BaseController.php): Failed to open stream: No such file or directory', 'C:\\xampp\\htdocs\\CEJO\\CEJO-BackEnd\\vendor\\composer\\ClassLoader.php', 576)
 2 VENDORPATH\composer\ClassLoader.php(576): include()
 3 VENDORPATH\composer\ClassLoader.php(427): Composer\Autoload\{closure}('C:\\xampp\\htdocs\\CEJO\\CEJO-BackEnd\\vendor\\composer/../../app/Controllers/BaseController.php')
 4 APPPATH\Controllers\Home.php(4): Composer\Autoload\ClassLoader->loadClass('App\\Controllers\\BaseController')
 5 VENDORPATH\composer\ClassLoader.php(576): include('C:\\xampp\\htdocs\\CEJO\\CEJO-BackEnd\\app\\Controllers\\Home.php')
 6 VENDORPATH\composer\ClassLoader.php(427): Composer\Autoload\{closure}('C:\\xampp\\htdocs\\CEJO\\CEJO-BackEnd\\vendor\\composer/../../app/Controllers/Home.php')
 7 [internal function]: Composer\Autoload\ClassLoader->loadClass('App\\Controllers\\Home')
 8 SYSTEMPATH\CodeIgniter.php(885): class_exists('\\App\\Controllers\\Home', true)
 9 SYSTEMPATH\CodeIgniter.php(494): CodeIgniter\CodeIgniter->startController()
10 SYSTEMPATH\CodeIgniter.php(354): CodeIgniter\CodeIgniter->handleRequest(null, Object(Config\Cache), false)
11 SYSTEMPATH\Boot.php(363): CodeIgniter\CodeIgniter->run()
12 SYSTEMPATH\Boot.php(68): CodeIgniter\Boot::runCodeIgniter(Object(CodeIgniter\CodeIgniter))
13 FCPATH\index.php(59): CodeIgniter\Boot::bootWeb(Object(Config\Paths))
CRITICAL - 2025-09-03 23:53:31 --> ErrorException: include(C:\xampp\htdocs\CEJO\CEJO-BackEnd\vendor\composer/../../app/Controllers/BaseController.php): Failed to open stream: No such file or directory
[Method: GET, Route: usuario-actual]
in VENDORPATH\composer\ClassLoader.php on line 576.
 1 VENDORPATH\composer\ClassLoader.php(576): CodeIgniter\Debug\Exceptions->errorHandler(2, 'include(C:\\xampp\\htdocs\\CEJO\\CEJO-BackEnd\\vendor\\composer/../../app/Controllers/BaseController.php): Failed to open stream: No such file or directory', 'C:\\xampp\\htdocs\\CEJO\\CEJO-BackEnd\\vendor\\composer\\ClassLoader.php', 576)
 2 VENDORPATH\composer\ClassLoader.php(576): include()
 3 VENDORPATH\composer\ClassLoader.php(427): Composer\Autoload\{closure}('C:\\xampp\\htdocs\\CEJO\\CEJO-BackEnd\\vendor\\composer/../../app/Controllers/BaseController.php')
 4 APPPATH\Controllers\Home.php(4): Composer\Autoload\ClassLoader->loadClass('App\\Controllers\\BaseController')
 5 VENDORPATH\composer\ClassLoader.php(576): include('C:\\xampp\\htdocs\\CEJO\\CEJO-BackEnd\\app\\Controllers\\Home.php')
 6 VENDORPATH\composer\ClassLoader.php(427): Composer\Autoload\{closure}('C:\\xampp\\htdocs\\CEJO\\CEJO-BackEnd\\vendor\\composer/../../app/Controllers/Home.php')
 7 [internal function]: Composer\Autoload\ClassLoader->loadClass('App\\Controllers\\Home')
 8 SYSTEMPATH\CodeIgniter.php(885): class_exists('\\App\\Controllers\\Home', true)
 9 SYSTEMPATH\CodeIgniter.php(494): CodeIgniter\CodeIgniter->startController()
10 SYSTEMPATH\CodeIgniter.php(354): CodeIgniter\CodeIgniter->handleRequest(null, Object(Config\Cache), false)
11 SYSTEMPATH\Boot.php(363): CodeIgniter\CodeIgniter->run()
12 SYSTEMPATH\Boot.php(68): CodeIgniter\Boot::runCodeIgniter(Object(CodeIgniter\CodeIgniter))
13 FCPATH\index.php(59): CodeIgniter\Boot::bootWeb(Object(Config\Paths))
CRITICAL - 2025-09-03 23:53:54 --> ErrorException: include(C:\xampp\htdocs\CEJO\CEJO-BackEnd\vendor\composer/../../app/Controllers/BaseController.php): Failed to open stream: No such file or directory
[Method: GET, Route: usuario-actual]
in VENDORPATH\composer\ClassLoader.php on line 576.
 1 VENDORPATH\composer\ClassLoader.php(576): CodeIgniter\Debug\Exceptions->errorHandler(2, 'include(C:\\xampp\\htdocs\\CEJO\\CEJO-BackEnd\\vendor\\composer/../../app/Controllers/BaseController.php): Failed to open stream: No such file or directory', 'C:\\xampp\\htdocs\\CEJO\\CEJO-BackEnd\\vendor\\composer\\ClassLoader.php', 576)
 2 VENDORPATH\composer\ClassLoader.php(576): include()
 3 VENDORPATH\composer\ClassLoader.php(427): Composer\Autoload\{closure}('C:\\xampp\\htdocs\\CEJO\\CEJO-BackEnd\\vendor\\composer/../../app/Controllers/BaseController.php')
 4 APPPATH\Controllers\Home.php(4): Composer\Autoload\ClassLoader->loadClass('App\\Controllers\\BaseController')
 5 VENDORPATH\composer\ClassLoader.php(576): include('C:\\xampp\\htdocs\\CEJO\\CEJO-BackEnd\\app\\Controllers\\Home.php')
 6 VENDORPATH\composer\ClassLoader.php(427): Composer\Autoload\{closure}('C:\\xampp\\htdocs\\CEJO\\CEJO-BackEnd\\vendor\\composer/../../app/Controllers/Home.php')
 7 [internal function]: Composer\Autoload\ClassLoader->loadClass('App\\Controllers\\Home')
 8 SYSTEMPATH\CodeIgniter.php(885): class_exists('\\App\\Controllers\\Home', true)
 9 SYSTEMPATH\CodeIgniter.php(494): CodeIgniter\CodeIgniter->startController()
10 SYSTEMPATH\CodeIgniter.php(354): CodeIgniter\CodeIgniter->handleRequest(null, Object(Config\Cache), false)
11 SYSTEMPATH\Boot.php(363): CodeIgniter\CodeIgniter->run()
12 SYSTEMPATH\Boot.php(68): CodeIgniter\Boot::runCodeIgniter(Object(CodeIgniter\CodeIgniter))
13 FCPATH\index.php(59): CodeIgniter\Boot::bootWeb(Object(Config\Paths))
CRITICAL - 2025-09-03 23:55:13 --> ErrorException: include(C:\xampp\htdocs\CEJO\CEJO-BackEnd\vendor\composer/../../app/Controllers/BaseController.php): Failed to open stream: No such file or directory
[Method: POST, Route: login]
in VENDORPATH\composer\ClassLoader.php on line 576.
 1 VENDORPATH\composer\ClassLoader.php(576): CodeIgniter\Debug\Exceptions->errorHandler(2, 'include(C:\\xampp\\htdocs\\CEJO\\CEJO-BackEnd\\vendor\\composer/../../app/Controllers/BaseController.php): Failed to open stream: No such file or directory', 'C:\\xampp\\htdocs\\CEJO\\CEJO-BackEnd\\vendor\\composer\\ClassLoader.php', 576)
 2 VENDORPATH\composer\ClassLoader.php(576): include()
 3 VENDORPATH\composer\ClassLoader.php(427): Composer\Autoload\{closure}('C:\\xampp\\htdocs\\CEJO\\CEJO-BackEnd\\vendor\\composer/../../app/Controllers/BaseController.php')
 4 APPPATH\Controllers\Home.php(4): Composer\Autoload\ClassLoader->loadClass('App\\Controllers\\BaseController')
 5 VENDORPATH\composer\ClassLoader.php(576): include('C:\\xampp\\htdocs\\CEJO\\CEJO-BackEnd\\app\\Controllers\\Home.php')
 6 VENDORPATH\composer\ClassLoader.php(427): Composer\Autoload\{closure}('C:\\xampp\\htdocs\\CEJO\\CEJO-BackEnd\\vendor\\composer/../../app/Controllers/Home.php')
 7 [internal function]: Composer\Autoload\ClassLoader->loadClass('App\\Controllers\\Home')
 8 SYSTEMPATH\CodeIgniter.php(885): class_exists('\\App\\Controllers\\Home', true)
 9 SYSTEMPATH\CodeIgniter.php(494): CodeIgniter\CodeIgniter->startController()
10 SYSTEMPATH\CodeIgniter.php(354): CodeIgniter\CodeIgniter->handleRequest(null, Object(Config\Cache), false)
11 SYSTEMPATH\Boot.php(363): CodeIgniter\CodeIgniter->run()
12 SYSTEMPATH\Boot.php(68): CodeIgniter\Boot::runCodeIgniter(Object(CodeIgniter\CodeIgniter))
13 FCPATH\index.php(59): CodeIgniter\Boot::bootWeb(Object(Config\Paths))
CRITICAL - 2025-09-03 23:57:40 --> ErrorException: include(C:\xampp\htdocs\CEJO\CEJO-BackEnd\vendor\composer/../../app/Controllers/BaseController.php): Failed to open stream: No such file or directory
[Method: POST, Route: login]
in VENDORPATH\composer\ClassLoader.php on line 576.
 1 VENDORPATH\composer\ClassLoader.php(576): CodeIgniter\Debug\Exceptions->errorHandler(2, 'include(C:\\xampp\\htdocs\\CEJO\\CEJO-BackEnd\\vendor\\composer/../../app/Controllers/BaseController.php): Failed to open stream: No such file or directory', 'C:\\xampp\\htdocs\\CEJO\\CEJO-BackEnd\\vendor\\composer\\ClassLoader.php', 576)
 2 VENDORPATH\composer\ClassLoader.php(576): include()
 3 VENDORPATH\composer\ClassLoader.php(427): Composer\Autoload\{closure}('C:\\xampp\\htdocs\\CEJO\\CEJO-BackEnd\\vendor\\composer/../../app/Controllers/BaseController.php')
 4 APPPATH\Controllers\Home.php(4): Composer\Autoload\ClassLoader->loadClass('App\\Controllers\\BaseController')
 5 VENDORPATH\composer\ClassLoader.php(576): include('C:\\xampp\\htdocs\\CEJO\\CEJO-BackEnd\\app\\Controllers\\Home.php')
 6 VENDORPATH\composer\ClassLoader.php(427): Composer\Autoload\{closure}('C:\\xampp\\htdocs\\CEJO\\CEJO-BackEnd\\vendor\\composer/../../app/Controllers/Home.php')
 7 [internal function]: Composer\Autoload\ClassLoader->loadClass('App\\Controllers\\Home')
 8 SYSTEMPATH\CodeIgniter.php(885): class_exists('\\App\\Controllers\\Home', true)
 9 SYSTEMPATH\CodeIgniter.php(494): CodeIgniter\CodeIgniter->startController()
10 SYSTEMPATH\CodeIgniter.php(354): CodeIgniter\CodeIgniter->handleRequest(null, Object(Config\Cache), false)
11 SYSTEMPATH\Boot.php(363): CodeIgniter\CodeIgniter->run()
12 SYSTEMPATH\Boot.php(68): CodeIgniter\Boot::runCodeIgniter(Object(CodeIgniter\CodeIgniter))
13 FCPATH\index.php(59): CodeIgniter\Boot::bootWeb(Object(Config\Paths))
14 SYSTEMPATH\rewrite.php(44): require_once('C:\\xampp\\htdocs\\CEJO\\CEJO-BackEnd\\public\\index.php')
